11:27:09 **** Incremental Build of configuration Debug for project PulseWM ****
make -j4 all 
arm-none-eabi-gcc -o "PulseWM.elf" @"objects.list"   -mcpu=cortex-m4 -T"C:\Users\Aswin Sankar\STM32CubeIDE\workspace_1.13.1\Tutorial\THE_PWM\STM32F401RETX_FLASH.ld" --specs=nosys.specs -Wl,-Map="PulseWM.map" -Wl,--gc-sections -static --specs=nano.specs -mfpu=fpv4-sp-d16 -mfloat-abi=hard -mthumb -Wl,--start-group -lc -lm -Wl,--end-group
C:/ST/STM32CubeIDE_1.13.1/STM32CubeIDE/plugins/com.st.stm32cube.ide.mcu.externaltools.gnu-tools-for-stm32.11.3.rel1.win32_1.1.0.202305231506/tools/bin/../lib/gcc/arm-none-eabi/11.3.1/../../../../arm-none-eabi/bin/ld.exe: ./Middleware/get_dutycycle.o: in function `getdutycycle':
C:/Users/Aswin Sankar/STM32CubeIDE/workspace_1.13.1/Tutorial/THE_PWM/Debug/../Middleware/get_dutycycle.c:9: multiple definition of `getdutycycle'; ./Core/Src/main.o:C:/Users/Aswin Sankar/STM32CubeIDE/workspace_1.13.1/Tutorial/THE_PWM/Middleware/get_dutycycle.c:9: first defined here
collect2.exe: error: ld returned 1 exit status
make: *** [makefile:66: PulseWM.elf] Error 1
"make -j4 all" terminated with exit code 2. Build might be incomplete.

11:27:10 Build Failed. 3 errors, 0 warnings. (took 526ms)

